<?xml version="1.0" encoding="UTF-8"?>
<testng-results ignored="0" total="1" passed="1" failed="0" skipped="0">
  <reporter-output>
  </reporter-output>
  <suite started-at="2023-01-26T15:43:44 PST" name="Default suite" finished-at="2023-01-26T15:43:52 PST" duration-ms="7981">
    <groups>
    </groups>
    <test started-at="2023-01-26T15:43:44 PST" name="Default test" finished-at="2023-01-26T15:43:52 PST" duration-ms="7981">
      <class name="testPackage.ActiTimeTestValidLogin">
        <test-method is-config="true" signature="setUp()[pri:0, instance:testPackage.ActiTimeTestValidLogin@79da8dc5]" started-at="2023-01-26T15:43:44 PST" name="setUp" finished-at="2023-01-26T15:43:47 PST" duration-ms="3057" status="PASS">
          <reporter-output>
          </reporter-output>
        </test-method> <!-- setUp -->
        <test-method signature="validTest()[pri:0, instance:testPackage.ActiTimeTestValidLogin@79da8dc5]" started-at="2023-01-26T15:43:47 PST" name="validTest" finished-at="2023-01-26T15:43:52 PST" duration-ms="4510" status="PASS">
          <reporter-output>
          </reporter-output>
        </test-method> <!-- validTest -->
        <test-method is-config="true" signature="tearDown()[pri:0, instance:testPackage.ActiTimeTestValidLogin@79da8dc5]" started-at="2023-01-26T15:43:52 PST" name="tearDown" finished-at="2023-01-26T15:43:52 PST" duration-ms="335" status="PASS">
          <reporter-output>
          </reporter-output>
        </test-method> <!-- tearDown -->
      </class> <!-- testPackage.ActiTimeTestValidLogin -->
    </test> <!-- Default test -->
  </suite> <!-- Default suite -->
</testng-results>
